Ensure that all dependencies are up to date...
Ensure jQuery is downloaded and up to date...
Clear minfified cache...
ensure custom css/js files are created...
start...
[33m[2012-07-19 16:45:43.318] [WARN] console - [39mDirtyDB is used. This is fine for testing but not recommended for production.
[32m[2012-07-19 16:45:44.059] [INFO] console - [39mYour Etherpad Lite git version is ddc2f37
[32m[2012-07-19 16:45:44.060] [INFO] console - [39mReport bugs at https://github.com/Pita/etherpad-lite/issues
[32m[2012-07-19 16:45:45.546] [INFO] console - [39mInstalled plugins: ep_etherpad-lite, ep_datatables
[32m[2012-07-19 16:45:45.549] [INFO] console - [39minfo: 'socket.io started'
[32m[2012-07-19 16:45:45.557] [INFO] console - [39mYou can access your Etherpad-Lite instance at http://0.0.0.0:9001/
[33m[2012-07-19 16:45:45.557] [WARN] console - [39mAdmin username and password not set in settings.json.  To access admin please uncomment and edit 'users' in settings.json
[32m[2012-07-19 16:46:32.203] [INFO] console - [39mgraceful shutdown...
[32m[2012-07-19 16:46:32.203] [INFO] console - [39mdb sucessfully closed.
Ensure that all dependencies are up to date...
Ensure jQuery is downloaded and up to date...
Clear minfified cache...
ensure custom css/js files are created...
start...
[33m[2012-07-19 16:46:44.407] [WARN] console - [39mDirtyDB is used. This is fine for testing but not recommended for production.
[32m[2012-07-19 16:46:44.523] [INFO] console - [39mYour Etherpad Lite git version is ddc2f37
[32m[2012-07-19 16:46:44.523] [INFO] console - [39mReport bugs at https://github.com/Pita/etherpad-lite/issues
[32m[2012-07-19 16:46:44.949] [INFO] console - [39mInstalled plugins: ep_etherpad-lite, ep_datatables
[32m[2012-07-19 16:46:44.951] [INFO] console - [39minfo: 'socket.io started'
[32m[2012-07-19 16:46:44.955] [INFO] console - [39mYou can access your Etherpad-Lite instance at http://0.0.0.0:9001/
[33m[2012-07-19 16:46:44.955] [WARN] console - [39mAdmin username and password not set in settings.json.  To access admin please uncomment and edit 'users' in settings.json
[32m[2012-07-19 16:47:01.066] [INFO] http - [39m200, GET /
[32m[2012-07-19 16:47:02.337] [INFO] http - [39m200, GET /p/WgPSRRojgs
[32m[2012-07-19 16:47:03.262] [INFO] http - [39m200, GET /pluginfw/plugin-definitions.json
[32m[2012-07-19 16:47:03.312] [INFO] http - [39m307, GET /javascripts/lib/ep_etherpad-lite/static/js/Changeset?callback=require.define
[32m[2012-07-19 16:47:03.362] [INFO] socket.io - [39mhandshake authorized '674632064562191761'
[32m[2012-07-19 16:47:03.369] [INFO] message - [39mfrom 674632064562191761: {"component":"pad","type":"CLIENT_READY","padId":"WgPSRRojgs","sessionID":null,"password":null,"token":"t.viRsyxtYZWGZzXlgXb5X","protocolVersion":2}
[32m[2012-07-19 16:47:03.374] [INFO] message - [39mto 674632064562191761: {"accountPrivs":{"maxRevisions":100},"initialRevisionList":[],"initialOptions":{"guestPolicy":"deny"},"collab_client_vars":{"initialAttributedText":{"text":"Welcome to Etherpad Lite!\n\nThis pad text is synchronized as you type, so that everyone viewing this page sees the same text. This allows you to collaborate seamlessly on documents!\n\nEtherpad Lite on Github: http://j.mp/ep-lite\n\n","attribs":"|6+6c"},"clientIp":"127.0.0.1","padId":"WgPSRRojgs","historicalAuthorData":{},"apool":{"numToAttrib":{},"nextNum":0},"rev":0,"globalPadId":"WgPSRRojgs"},"colorPalette":["#ffc7c7","#fff1c7","#e3ffc7","#c7ffd5","#c7ffff","#c7d5ff","#e3c7ff","#ffc7f1","#ff8f8f","#ffe38f","#c7ff8f","#8fffab","#8fffff","#8fabff","#c78fff","#ff8fe3","#d97979","#d9c179","#a9d979","#79d991","#79d9d9","#7991d9","#a979d9","#d979c1","#d9a9a9","#d9cda9","#c1d9a9","#a9d9b5","#a9d9d9","#a9b5d9","#c1a9d9","#d9a9cd","#4c9c82","#12d1ad","#2d8e80","#7485c3","#a091c7","#3185ab","#6818b4","#e6e76d","#a42c64","#f386e5","#4ecc0c","#c0c236","#693224","#b5de6a","#9b88fd","#358f9b","#496d2f","#e267fe","#d23056","#1a1a64","#5aa335","#d722bb","#86dc6c","#b5a714","#955b6a","#9f2985","#4b81c8","#3d6a5b","#434e16","#d16084","#af6a0e","#8c8bd8"],"clientIp":"127.0.0.1","userIsGuest":true,"userColor":18,"padId":"WgPSRRojgs","initialTitle":"Pad: WgPSRRojgs","opts":{},"chatHistory":[],"numConnectedUsers":1,"isProPad":false,"readOnlyId":"r.1sjQ2T3Dslj0Xdmr","serverTimestamp":1342696623374,"globalPadId":"WgPSRRojgs","userId":"a.8yANJPxoNFdO46WX","cookiePrefsToSet":{"fullWidth":false,"hideSidebar":false},"abiwordAvailable":"no","plugins":{"plugins":{"ep_etherpad-lite":{"parts":[{"name":"static","hooks":{"expressCreateServer":"ep_etherpad-lite/node/hooks/express/static:expressCreateServer"},"plugin":"ep_etherpad-lite","full_name":"ep_etherpad-lite/static"},{"name":"specialpages","hooks":{"expressCreateServer":"ep_etherpad-lite/node/hooks/express/specialpages:expressCreateServer"},"plugin":"ep_etherpad-lite","full_name":"ep_etherpad-lite/specialpages"},{"name":"padurlsanitize","hooks":{"expressCreateServer":"ep_etherpad-lite/node/hooks/express/padurlsanitize:expressCreateServer"},"plugin":"ep_etherpad-lite","full_name":"ep_etherpad-lite/padurlsanitize"},{"name":"padreadonly","hooks":{"expressCreateServer":"ep_etherpad-lite/node/hooks/express/padreadonly:expressCreateServer"},"plugin":"ep_etherpad-lite","full_name":"ep_etherpad-lite/padreadonly"},{"name":"webaccess","hooks":{"expressConfigure":"ep_etherpad-lite/node/hooks/express/webaccess:expressConfigure"},"plugin":"ep_etherpad-lite","full_name":"ep_etherpad-lite/webaccess"},{"name":"apicalls","hooks":{"expressCreateServer":"ep_etherpad-lite/node/hooks/express/apicalls:expressCreateServer"},"plugin":"ep_etherpad-lite","full_name":"ep_etherpad-lite/apicalls"},{"name":"importexport","hooks":{"expressCreateServer":"ep_etherpad-lite/node/hooks/express/importexport:expressCreateServer"},"plugin":"ep_etherpad-lite","full_name":"ep_etherpad-lite/importexport"},{"name":"errorhandling","hooks":{"expressCreateServer":"ep_etherpad-lite/node/hooks/express/errorhandling:expressCreateServer"},"plugin":"ep_etherpad-lite","full_name":"ep_etherpad-lite/errorhandling"},{"name":"socketio","hooks":{"expressCreateServer":"ep_etherpad-lite/node/hooks/express/socketio:expressCreateServer"},"plugin":"ep_etherpad-lite","full_name":"ep_etherpad-lite/socketio"},{"name":"adminplugins","hooks":{"expressCreateServer":"ep_etherpad-lite/node/hooks/express/adminplugins:expressCreateServer","socketio":"ep_etherpad-lite/node/hooks/express/adminplugins:socketio"},"plugin":"ep_etherpad-lite","full_name":"ep_etherpad-lite/adminplugins"}],"package":{"name":"ep_etherpad-lite","description":"A Etherpad based on node.js","homepage":"https://github.com/Pita/etherpad-lite","keywords":["etherpad","realtime","collaborative","editor"],"author":{"name":"Peter 'Pita' Martischka","email":"petermartischka@googlemail.com"},"contributors":[{"name":"Robin Buse"}],"bin":{"etherpad-lite":"./node/server.js"},"devDependencies":{"jshint":"*"},"engines":{"node":">=0.6.0","npm":">=1.0"},"version":"1.0.0","_id":"ep_etherpad-lite@1.0.0","optionalDependencies":{},"_npmVersion":"1.1.24","_nodeVersion":"v0.6.12","_defaultsLoaded":true,"realName":"ep_etherpad-lite","path":"/home/bacancy/work/etherpadlite/node_modules/ep_etherpad-lite","realPath":"/home/bacancy/work/etherpadlite/src","link":"/home/bacancy/work/etherpadlite/src","depth":1}},"ep_datatables":{"parts":[{"name":"datatables","hooks":{"eejsBlock_styles":"ep_datatables/static/js/datatables:eejsBlock_styles","eejsBlock_scripts":"ep_datatables/static/js/datatables:eejsBlock_scripts","eejsBlock_editbarMenuLeft":"ep_datatables/static/js/datatables:eejsBlock_editbarMenuLeft"},"client_hooks":{"aceInitInnerdocbodyHead":"ep_datatables/static/js/datatables:aceInitInnerdocbodyHead","collectContentBreak":"ep_datatables/static/js/contentcollector:collectContentBreak","collectContentTblTd":"ep_datatables/static/js/contentcollector:collectContentTblTd","aceKeyEvent":"ep_datatables/static/js/datatables.js:aceKeyEvent","aceLineAndCharForPoint":"ep_datatables/static/js/datatables.js:aceLineAndCharForPoint","aceAttribsToClasses":"ep_datatables/static/js/datatables.js:aceAttribsToClasses","acePostWriteDomLineHTML":"ep_datatables/static/js/datatables:acePostWriteDomLineHTML","aceInitialized":"ep_datatables/static/js/datatables:aceInitialized","postAceInit":"ep_datatables/static/js/datatables:postAceInit"},"plugin":"ep_datatables","full_name":"ep_datatables/datatables"}],"package":{"author":{"name":"Gedion Woldeselassie,Tenzin Tsetan","email":"gwy321@gmail.com"},"name":"ep_datatables","description":"Adds datatables to etherpad-lite","version":"0.1.0","repository":{"type":"git","url":"git://github.com/gedion/ep_datatables.git"},"engines":{"node":"*"},"devDependencies":{},"optionalDependencies":{},"_id":"ep_datatables@0.1.0","_engineSupported":true,"_npmVersion":"1.1.24","_nodeVersion":"v0.6.12","_defaultsLoaded":true,"_from":"available_plugins/ep_datatables/","dist":{"shasum":"e894273791ce623c7ff67c08fdff2ab0f668a269"},"realName":"ep_datatables","path":"/home/bacancy/work/etherpadlite/node_modules/ep_datatables","realPath":"/home/bacancy/work/etherpadlite/node_modules/ep_datatables","depth":1}}},"parts":[{"name":"datatables","hooks":{"eejsBlock_styles":"ep_datatables/static/js/datatables:eejsBlock_styles","eejsBlock_scripts":"ep_datatables/static/js/datatables:eejsBlock_scripts","eejsBlock_editbarMenuLeft":"ep_datatables/static/js/datatables:eejsBlock_editbarMenuLeft"},"client_hooks":{"aceInitInnerdocbodyHead":"ep_datatables/static/js/datatables:aceInitInnerdocbodyHead","collectContentBreak":"ep_datatables/static/js/contentcollector:collectContentBreak","collectContentTblTd":"ep_datatables/static/js/contentcollector:collectContentTblTd","aceKeyEvent":"ep_datatables/static/js/datatables.js:aceKeyEvent","aceLineAndCharForPoint":"ep_datatables/static/js/datatables.js:aceLineAndCharForPoint","aceAttribsToClasses":"ep_datatables/static/js/datatables.js:aceAttribsToClasses","acePostWriteDomLineHTML":"ep_datatables/static/js/datatables:acePostWriteDomLineHTML","aceInitialized":"ep_datatables/static/js/datatables:aceInitialized","postAceInit":"ep_datatables/static/js/datatables:postAceInit"},"plugin":"ep_datatables","full_name":"ep_datatables/datatables"},{"name":"adminplugins","hooks":{"expressCreateServer":"ep_etherpad-lite/node/hooks/express/adminplugins:expressCreateServer","socketio":"ep_etherpad-lite/node/hooks/express/adminplugins:socketio"},"plugin":"ep_etherpad-lite","full_name":"ep_etherpad-lite/adminplugins"},{"name":"socketio","hooks":{"expressCreateServer":"ep_etherpad-lite/node/hooks/express/socketio:expressCreateServer"},"plugin":"ep_etherpad-lite","full_name":"ep_etherpad-lite/socketio"},{"name":"errorhandling","hooks":{"expressCreateServer":"ep_etherpad-lite/node/hooks/express/errorhandling:expressCreateServer"},"plugin":"ep_etherpad-lite","full_name":"ep_etherpad-lite/errorhandling"},{"name":"importexport","hooks":{"expressCreateServer":"ep_etherpad-lite/node/hooks/express/importexport:expressCreateServer"},"plugin":"ep_etherpad-lite","full_name":"ep_etherpad-lite/importexport"},{"name":"apicalls","hooks":{"expressCreateServer":"ep_etherpad-lite/node/hooks/express/apicalls:expressCreateServer"},"plugin":"ep_etherpad-lite","full_name":"ep_etherpad-lite/apicalls"},{"name":"webaccess","hooks":{"expressConfigure":"ep_etherpad-lite/node/hooks/express/webaccess:expressConfigure"},"plugin":"ep_etherpad-lite","full_name":"ep_etherpad-lite/webaccess"},{"name":"padreadonly","hooks":{"expressCreateServer":"ep_etherpad-lite/node/hooks/express/padreadonly:expressCreateServer"},"plugin":"ep_etherpad-lite","full_name":"ep_etherpad-lite/padreadonly"},{"name":"padurlsanitize","hooks":{"expressCreateServer":"ep_etherpad-lite/node/hooks/express/padurlsanitize:expressCreateServer"},"plugin":"ep_etherpad-lite","full_name":"ep_etherpad-lite/padurlsanitize"},{"name":"specialpages","hooks":{"expressCreateServer":"ep_etherpad-lite/node/hooks/express/specialpages:expressCreateServer"},"plugin":"ep_etherpad-lite","full_name":"ep_etherpad-lite/specialpages"},{"name":"static","hooks":{"expressCreateServer":"ep_etherpad-lite/node/hooks/express/static:expressCreateServer"},"plugin":"ep_etherpad-lite","full_name":"ep_etherpad-lite/static"}]}}
[32m[2012-07-19 16:47:10.988] [INFO] message - [39mfrom 674632064562191761: {"type":"COLLABROOM","component":"pad","data":{"type":"USER_CHANGES","baseRev":0,"changeset":"Z:6c>8e=p*0|2+2*0*1+2r*0|1+1*0*2+2r*0|1+1*0*2+2r*0|1+1$\n\n{\"payload\":[[\" \",\" \",\" \"]],\"tblId\":1,\"tblClass\":\"data-tables\",\"trClass\":\"alst\",\"tdClass\":\"hide-el\"}\n{\"payload\":[[\" \",\" \",\" \"]],\"tblId\":1,\"tblClass\":\"data-tables\",\"trClass\":\"alst\",\"tdClass\":\"hide-el\"}\n{\"payload\":[[\" \",\" \",\" \"]],\"tblId\":1,\"tblClass\":\"data-tables\",\"trClass\":\"alst\",\"tdClass\":\"hide-el\"}\n","apool":{"numToAttrib":{"0":["author","a.8yANJPxoNFdO46WX"],"1":["tblProp","{\"borderWidth\":\"1\",\"cellAttrs\":[],\"width\":\"6\",\"rowAttrs\":{},\"colAttrs\":[],\"authors\":{\"a.8yANJPxoNFdO46WX\":{\"row\":0,\"cell\":0,\"colorId\":\"#a9d979\"}}}"],"2":["tblProp","{\"borderWidth\":\"1\",\"cellAttrs\":[],\"width\":\"6\",\"rowAttrs\":{},\"colAttrs\":[],\"authors\":{}}"]},"nextNum":3}}}
[32m[2012-07-19 16:47:10.989] [INFO] message - [39mto 674632064562191761: {"type":"COLLABROOM","data":{"type":"ACCEPT_COMMIT","newRev":1}}
[32m[2012-07-19 16:47:12.517] [INFO] message - [39mfrom 674632064562191761: {"type":"COLLABROOM","component":"pad","data":{"type":"USER_CHANGES","baseRev":1,"changeset":"Z:eq>9e|5=93*0|3+3*0*1+33*0|1+1*0*2+33*0|1+1*0*2+33$\n\n\n{\"payload\":[[\" \",\" \",\" \",\" \",\" \",\" \"]],\"tblId\":1,\"tblClass\":\"data-tables\",\"trClass\":\"alst\",\"tdClass\":\"hide-el\"}\n{\"payload\":[[\" \",\" \",\" \",\" \",\" \",\" \"]],\"tblId\":1,\"tblClass\":\"data-tables\",\"trClass\":\"alst\",\"tdClass\":\"hide-el\"}\n{\"payload\":[[\" \",\" \",\" \",\" \",\" \",\" \"]],\"tblId\":1,\"tblClass\":\"data-tables\",\"trClass\":\"alst\",\"tdClass\":\"hide-el\"}","apool":{"numToAttrib":{"0":["author","a.8yANJPxoNFdO46WX"],"1":["tblProp","{\"borderWidth\":\"1\",\"cellAttrs\":[],\"width\":\"6\",\"rowAttrs\":{},\"colAttrs\":[],\"authors\":{\"a.8yANJPxoNFdO46WX\":{\"row\":0,\"cell\":0,\"colorId\":\"#a9d979\"}}}"],"2":["tblProp","{\"borderWidth\":\"1\",\"cellAttrs\":[],\"width\":\"6\",\"rowAttrs\":{},\"colAttrs\":[],\"authors\":{}}"]},"nextNum":3}}}
[32m[2012-07-19 16:47:12.518] [INFO] message - [39mto 674632064562191761: {"type":"COLLABROOM","data":{"type":"ACCEPT_COMMIT","newRev":2}}
[32m[2012-07-19 16:47:17.571] [INFO] message - [39mfrom 674632064562191761: {"type":"COLLABROOM","component":"pad","data":{"type":"USER_CHANGES","baseRev":2,"changeset":"Z:o4<1|1=q|1-1$","apool":{"numToAttrib":{},"nextNum":0}}}
[32m[2012-07-19 16:47:17.571] [INFO] message - [39mto 674632064562191761: {"type":"COLLABROOM","data":{"type":"ACCEPT_COMMIT","newRev":3}}
[32m[2012-07-19 16:47:21.630] [INFO] message - [39mfrom 674632064562191761: {"type":"COLLABROOM","component":"pad","data":{"type":"USER_CHANGES","baseRev":3,"changeset":"Z:o3>1|5=93*0|1+1$\n","apool":{"numToAttrib":{"0":["author","a.8yANJPxoNFdO46WX"]},"nextNum":1}}}
[32m[2012-07-19 16:47:21.631] [INFO] message - [39mto 674632064562191761: {"type":"COLLABROOM","data":{"type":"ACCEPT_COMMIT","newRev":4}}
[32m[2012-07-19 16:47:23.241] [INFO] message - [39mfrom 674632064562191761: {"type":"COLLABROOM","component":"pad","data":{"type":"USER_CHANGES","baseRev":4,"changeset":"Z:o4<93|5-93$","apool":{"numToAttrib":{},"nextNum":0}}}
[32m[2012-07-19 16:47:23.242] [INFO] message - [39mto 674632064562191761: {"type":"COLLABROOM","data":{"type":"ACCEPT_COMMIT","newRev":5}}
[32m[2012-07-19 16:47:25.421] [INFO] message - [39mfrom 674632064562191761: {"type":"COLLABROOM","component":"pad","data":{"type":"USER_CHANGES","baseRev":5,"changeset":"Z:f1<dp|7-9g-49$","apool":{"numToAttrib":{},"nextNum":0}}}
[32m[2012-07-19 16:47:25.421] [INFO] message - [39mto 674632064562191761: {"type":"COLLABROOM","data":{"type":"ACCEPT_COMMIT","newRev":6}}
[32m[2012-07-19 16:47:35.075] [INFO] console - [39mgraceful shutdown...
[32m[2012-07-19 16:47:35.075] [INFO] console - [39mdb sucessfully closed.

node.js:201
        throw e; // process.nextTick error, or 'error' event on first tick
              ^
Error: Cannot find module '/home/bacancy/work/etherpadlite/server.js'
    at Function._resolveFilename (module.js:332:11)
    at Function._load (module.js:279:25)
    at Array.0 (module.js:479:10)
    at EventEmitter._tickCallback (node.js:192:40)

/home/bacancy/work/etherpadlite/bin/run.sh:3
#Move to the folder where ep-lite is installed
^

node.js:201
        throw e; // process.nextTick error, or 'error' event on first tick
              ^
SyntaxError: Unexpected token ILLEGAL
    at Module._compile (module.js:429:25)
    at Object..js (module.js:459:10)
    at Module.load (module.js:348:31)
    at Function._load (module.js:308:12)
    at Array.0 (module.js:479:10)
    at EventEmitter._tickCallback (node.js:192:40)
Ensure that all dependencies are up to date...
Ensure jQuery is downloaded and up to date...
Clear minfified cache...
ensure custom css/js files are created...
start...
[33m[2012-07-19 16:48:58.315] [WARN] console - [39mDirtyDB is used. This is fine for testing but not recommended for production.
[32m[2012-07-19 16:48:58.435] [INFO] console - [39mYour Etherpad Lite git version is ddc2f37
[32m[2012-07-19 16:48:58.435] [INFO] console - [39mReport bugs at https://github.com/Pita/etherpad-lite/issues
[32m[2012-07-19 16:48:58.870] [INFO] console - [39mInstalled plugins: ep_etherpad-lite, ep_datatables
[32m[2012-07-19 16:48:58.872] [INFO] console - [39minfo: 'socket.io started'
[32m[2012-07-19 16:48:58.877] [INFO] console - [39mYou can access your Etherpad-Lite instance at http://0.0.0.0:9001/
[33m[2012-07-19 16:48:58.877] [WARN] console - [39mAdmin username and password not set in settings.json.  To access admin please uncomment and edit 'users' in settings.json
[32m[2012-07-19 16:49:00.875] [INFO] http - [39m200, GET /
[32m[2012-07-19 16:49:00.904] [INFO] http - [39m304, GET /static/custom/index.css
[32m[2012-07-19 16:49:00.905] [INFO] http - [39m304, GET /static/custom/index.js
[32m[2012-07-19 16:49:06.648] [INFO] http - [39m200, GET /
[32m[2012-07-19 16:49:06.674] [INFO] http - [39m304, GET /static/custom/index.js
[32m[2012-07-19 16:49:06.675] [INFO] http - [39m304, GET /static/custom/index.css
[32m[2012-07-19 16:49:07.199] [INFO] http - [39m200, GET /
[32m[2012-07-19 16:49:07.226] [INFO] http - [39m304, GET /static/custom/index.css
[32m[2012-07-19 16:49:07.232] [INFO] http - [39m304, GET /static/custom/index.js
[32m[2012-07-19 16:49:07.586] [INFO] http - [39m200, GET /
[32m[2012-07-19 16:49:07.620] [INFO] http - [39m304, GET /static/custom/index.css
[32m[2012-07-19 16:49:07.621] [INFO] http - [39m304, GET /static/custom/index.js
[32m[2012-07-19 16:51:04.081] [INFO] http - [39m200, GET /
[32m[2012-07-19 16:51:04.102] [INFO] http - [39m304, GET /static/custom/index.css
[32m[2012-07-19 16:51:04.104] [INFO] http - [39m304, GET /static/custom/index.js
[32m[2012-07-19 16:51:04.698] [INFO] http - [39m200, GET /
[32m[2012-07-19 16:51:04.734] [INFO] http - [39m304, GET /static/custom/index.css
[32m[2012-07-19 16:51:04.736] [INFO] http - [39m304, GET /static/custom/index.js
[32m[2012-07-19 16:51:05.293] [INFO] http - [39m200, GET /p/DidEtfxPgl
[32m[2012-07-19 16:51:06.100] [INFO] http - [39m200, GET /pluginfw/plugin-definitions.json
[32m[2012-07-19 16:51:06.149] [INFO] http - [39m307, GET /javascripts/lib/ep_etherpad-lite/static/js/Changeset?callback=require.define
[32m[2012-07-19 16:51:06.184] [INFO] socket.io - [39mhandshake authorized '16579744961805228208'
[32m[2012-07-19 16:51:06.190] [INFO] message - [39mfrom 16579744961805228208: {"component":"pad","type":"CLIENT_READY","padId":"DidEtfxPgl","sessionID":null,"password":null,"token":"t.viRsyxtYZWGZzXlgXb5X","protocolVersion":2}
[32m[2012-07-19 16:51:06.194] [INFO] message - [39mto 16579744961805228208: {"accountPrivs":{"maxRevisions":100},"initialRevisionList":[],"initialOptions":{"guestPolicy":"deny"},"collab_client_vars":{"initialAttributedText":{"text":"Welcome to Etherpad Lite!\n\nThis pad text is synchronized as you type, so that everyone viewing this page sees the same text. This allows you to collaborate seamlessly on documents!\n\nEtherpad Lite on Github: http://j.mp/ep-lite\n\n","attribs":"|6+6c"},"clientIp":"127.0.0.1","padId":"DidEtfxPgl","historicalAuthorData":{},"apool":{"numToAttrib":{},"nextNum":0},"rev":0,"globalPadId":"DidEtfxPgl"},"colorPalette":["#ffc7c7","#fff1c7","#e3ffc7","#c7ffd5","#c7ffff","#c7d5ff","#e3c7ff","#ffc7f1","#ff8f8f","#ffe38f","#c7ff8f","#8fffab","#8fffff","#8fabff","#c78fff","#ff8fe3","#d97979","#d9c179","#a9d979","#79d991","#79d9d9","#7991d9","#a979d9","#d979c1","#d9a9a9","#d9cda9","#c1d9a9","#a9d9b5","#a9d9d9","#a9b5d9","#c1a9d9","#d9a9cd","#4c9c82","#12d1ad","#2d8e80","#7485c3","#a091c7","#3185ab","#6818b4","#e6e76d","#a42c64","#f386e5","#4ecc0c","#c0c236","#693224","#b5de6a","#9b88fd","#358f9b","#496d2f","#e267fe","#d23056","#1a1a64","#5aa335","#d722bb","#86dc6c","#b5a714","#955b6a","#9f2985","#4b81c8","#3d6a5b","#434e16","#d16084","#af6a0e","#8c8bd8"],"clientIp":"127.0.0.1","userIsGuest":true,"userColor":18,"padId":"DidEtfxPgl","initialTitle":"Pad: DidEtfxPgl","opts":{},"chatHistory":[],"numConnectedUsers":1,"isProPad":false,"readOnlyId":"r.Q3ZZ0bU27B92HEGo","serverTimestamp":1342696866193,"globalPadId":"DidEtfxPgl","userId":"a.8yANJPxoNFdO46WX","cookiePrefsToSet":{"fullWidth":false,"hideSidebar":false},"abiwordAvailable":"no","plugins":{"plugins":{"ep_etherpad-lite":{"parts":[{"name":"static","hooks":{"expressCreateServer":"ep_etherpad-lite/node/hooks/express/static:expressCreateServer"},"plugin":"ep_etherpad-lite","full_name":"ep_etherpad-lite/static"},{"name":"specialpages","hooks":{"expressCreateServer":"ep_etherpad-lite/node/hooks/express/specialpages:expressCreateServer"},"plugin":"ep_etherpad-lite","full_name":"ep_etherpad-lite/specialpages"},{"name":"padurlsanitize","hooks":{"expressCreateServer":"ep_etherpad-lite/node/hooks/express/padurlsanitize:expressCreateServer"},"plugin":"ep_etherpad-lite","full_name":"ep_etherpad-lite/padurlsanitize"},{"name":"padreadonly","hooks":{"expressCreateServer":"ep_etherpad-lite/node/hooks/express/padreadonly:expressCreateServer"},"plugin":"ep_etherpad-lite","full_name":"ep_etherpad-lite/padreadonly"},{"name":"webaccess","hooks":{"expressConfigure":"ep_etherpad-lite/node/hooks/express/webaccess:expressConfigure"},"plugin":"ep_etherpad-lite","full_name":"ep_etherpad-lite/webaccess"},{"name":"apicalls","hooks":{"expressCreateServer":"ep_etherpad-lite/node/hooks/express/apicalls:expressCreateServer"},"plugin":"ep_etherpad-lite","full_name":"ep_etherpad-lite/apicalls"},{"name":"importexport","hooks":{"expressCreateServer":"ep_etherpad-lite/node/hooks/express/importexport:expressCreateServer"},"plugin":"ep_etherpad-lite","full_name":"ep_etherpad-lite/importexport"},{"name":"errorhandling","hooks":{"expressCreateServer":"ep_etherpad-lite/node/hooks/express/errorhandling:expressCreateServer"},"plugin":"ep_etherpad-lite","full_name":"ep_etherpad-lite/errorhandling"},{"name":"socketio","hooks":{"expressCreateServer":"ep_etherpad-lite/node/hooks/express/socketio:expressCreateServer"},"plugin":"ep_etherpad-lite","full_name":"ep_etherpad-lite/socketio"},{"name":"adminplugins","hooks":{"expressCreateServer":"ep_etherpad-lite/node/hooks/express/adminplugins:expressCreateServer","socketio":"ep_etherpad-lite/node/hooks/express/adminplugins:socketio"},"plugin":"ep_etherpad-lite","full_name":"ep_etherpad-lite/adminplugins"}],"package":{"name":"ep_etherpad-lite","description":"A Etherpad based on node.js","homepage":"https://github.com/Pita/etherpad-lite","keywords":["etherpad","realtime","collaborative","editor"],"author":{"name":"Peter 'Pita' Martischka","email":"petermartischka@googlemail.com"},"contributors":[{"name":"Robin Buse"}],"bin":{"etherpad-lite":"./node/server.js"},"devDependencies":{"jshint":"*"},"engines":{"node":">=0.6.0","npm":">=1.0"},"version":"1.0.0","_id":"ep_etherpad-lite@1.0.0","optionalDependencies":{},"_npmVersion":"1.1.24","_nodeVersion":"v0.6.12","_defaultsLoaded":true,"realName":"ep_etherpad-lite","path":"/home/bacancy/work/etherpadlite/node_modules/ep_etherpad-lite","realPath":"/home/bacancy/work/etherpadlite/src","link":"/home/bacancy/work/etherpadlite/src","depth":1}},"ep_datatables":{"parts":[{"name":"datatables","hooks":{"eejsBlock_styles":"ep_datatables/static/js/datatables:eejsBlock_styles","eejsBlock_scripts":"ep_datatables/static/js/datatables:eejsBlock_scripts","eejsBlock_editbarMenuLeft":"ep_datatables/static/js/datatables:eejsBlock_editbarMenuLeft"},"client_hooks":{"aceInitInnerdocbodyHead":"ep_datatables/static/js/datatables:aceInitInnerdocbodyHead","collectContentBreak":"ep_datatables/static/js/contentcollector:collectContentBreak","collectContentTblTd":"ep_datatables/static/js/contentcollector:collectContentTblTd","aceKeyEvent":"ep_datatables/static/js/datatables.js:aceKeyEvent","aceLineAndCharForPoint":"ep_datatables/static/js/datatables.js:aceLineAndCharForPoint","aceAttribsToClasses":"ep_datatables/static/js/datatables.js:aceAttribsToClasses","acePostWriteDomLineHTML":"ep_datatables/static/js/datatables:acePostWriteDomLineHTML","aceInitialized":"ep_datatables/static/js/datatables:aceInitialized","postAceInit":"ep_datatables/static/js/datatables:postAceInit"},"plugin":"ep_datatables","full_name":"ep_datatables/datatables"}],"package":{"author":{"name":"Gedion Woldeselassie,Tenzin Tsetan","email":"gwy321@gmail.com"},"name":"ep_datatables","description":"Adds datatables to etherpad-lite","version":"0.1.0","repository":{"type":"git","url":"git://github.com/gedion/ep_datatables.git"},"engines":{"node":"*"},"devDependencies":{},"optionalDependencies":{},"_id":"ep_datatables@0.1.0","_engineSupported":true,"_npmVersion":"1.1.24","_nodeVersion":"v0.6.12","_defaultsLoaded":true,"_from":"available_plugins/ep_datatables/","dist":{"shasum":"e894273791ce623c7ff67c08fdff2ab0f668a269"},"realName":"ep_datatables","path":"/home/bacancy/work/etherpadlite/node_modules/ep_datatables","realPath":"/home/bacancy/work/etherpadlite/node_modules/ep_datatables","depth":1}}},"parts":[{"name":"datatables","hooks":{"eejsBlock_styles":"ep_datatables/static/js/datatables:eejsBlock_styles","eejsBlock_scripts":"ep_datatables/static/js/datatables:eejsBlock_scripts","eejsBlock_editbarMenuLeft":"ep_datatables/static/js/datatables:eejsBlock_editbarMenuLeft"},"client_hooks":{"aceInitInnerdocbodyHead":"ep_datatables/static/js/datatables:aceInitInnerdocbodyHead","collectContentBreak":"ep_datatables/static/js/contentcollector:collectContentBreak","collectContentTblTd":"ep_datatables/static/js/contentcollector:collectContentTblTd","aceKeyEvent":"ep_datatables/static/js/datatables.js:aceKeyEvent","aceLineAndCharForPoint":"ep_datatables/static/js/datatables.js:aceLineAndCharForPoint","aceAttribsToClasses":"ep_datatables/static/js/datatables.js:aceAttribsToClasses","acePostWriteDomLineHTML":"ep_datatables/static/js/datatables:acePostWriteDomLineHTML","aceInitialized":"ep_datatables/static/js/datatables:aceInitialized","postAceInit":"ep_datatables/static/js/datatables:postAceInit"},"plugin":"ep_datatables","full_name":"ep_datatables/datatables"},{"name":"adminplugins","hooks":{"expressCreateServer":"ep_etherpad-lite/node/hooks/express/adminplugins:expressCreateServer","socketio":"ep_etherpad-lite/node/hooks/express/adminplugins:socketio"},"plugin":"ep_etherpad-lite","full_name":"ep_etherpad-lite/adminplugins"},{"name":"socketio","hooks":{"expressCreateServer":"ep_etherpad-lite/node/hooks/express/socketio:expressCreateServer"},"plugin":"ep_etherpad-lite","full_name":"ep_etherpad-lite/socketio"},{"name":"errorhandling","hooks":{"expressCreateServer":"ep_etherpad-lite/node/hooks/express/errorhandling:expressCreateServer"},"plugin":"ep_etherpad-lite","full_name":"ep_etherpad-lite/errorhandling"},{"name":"importexport","hooks":{"expressCreateServer":"ep_etherpad-lite/node/hooks/express/importexport:expressCreateServer"},"plugin":"ep_etherpad-lite","full_name":"ep_etherpad-lite/importexport"},{"name":"apicalls","hooks":{"expressCreateServer":"ep_etherpad-lite/node/hooks/express/apicalls:expressCreateServer"},"plugin":"ep_etherpad-lite","full_name":"ep_etherpad-lite/apicalls"},{"name":"webaccess","hooks":{"expressConfigure":"ep_etherpad-lite/node/hooks/express/webaccess:expressConfigure"},"plugin":"ep_etherpad-lite","full_name":"ep_etherpad-lite/webaccess"},{"name":"padreadonly","hooks":{"expressCreateServer":"ep_etherpad-lite/node/hooks/express/padreadonly:expressCreateServer"},"plugin":"ep_etherpad-lite","full_name":"ep_etherpad-lite/padreadonly"},{"name":"padurlsanitize","hooks":{"expressCreateServer":"ep_etherpad-lite/node/hooks/express/padurlsanitize:expressCreateServer"},"plugin":"ep_etherpad-lite","full_name":"ep_etherpad-lite/padurlsanitize"},{"name":"specialpages","hooks":{"expressCreateServer":"ep_etherpad-lite/node/hooks/express/specialpages:expressCreateServer"},"plugin":"ep_etherpad-lite","full_name":"ep_etherpad-lite/specialpages"},{"name":"static","hooks":{"expressCreateServer":"ep_etherpad-lite/node/hooks/express/static:expressCreateServer"},"plugin":"ep_etherpad-lite","full_name":"ep_etherpad-lite/static"}]}}
[32m[2012-07-19 16:51:06.651] [INFO] http - [39m304, GET /static/img/connectingbar.gif
